<?xml version="1.0" encoding="UTF-8"?>
<!-- Generated by org.testng.reporters.JUnitReportReporter -->
<testsuite skipped="2" hostname="Sachin-Sharma" name="com.qa.dataprovider.DataProviderConcept2" tests="3" failures="0" timestamp="30 May 2023 18:15:57 GMT" time="9.422" errors="1">
  <testcase name="loginTest" time="0.000" classname="com.qa.dataprovider.DataProviderConcept2">
    <skipped/>
  </testcase> <!-- loginTest -->
  <testcase name="loginTest" time="0.000" classname="com.qa.dataprovider.DataProviderConcept2">
    <skipped/>
  </testcase> <!-- loginTest -->
  <testcase name="setUp" time="9.422" classname="com.qa.dataprovider.DataProviderConcept2">
    <error type="org.openqa.selenium.WebDriverException" message="unknown error: cannot find Chrome binary
Build info: version: &#039;3.141.59&#039;, revision: &#039;e82be7d358&#039;, time: &#039;2018-11-14T08:17:03&#039;
System info: host: &#039;SACHIN-SHARMA&#039;, ip: &#039;192.168.68.210&#039;, os.name: &#039;Windows 10&#039;, os.arch: &#039;amd64&#039;, os.version: &#039;10.0&#039;, java.version: &#039;1.8.0_231&#039;
Driver info: driver.version: ChromeDriver
remote stacktrace: Backtrace:
	Ordinal0 [0x00F40C83+1707139]
	Ordinal0 [0x00EA68F1+1075441]
	Ordinal0 [0x00E1DFC9+516041]
	Ordinal0 [0x00DAC70E+50958]
	Ordinal0 [0x00DCBFD7+180183]
	Ordinal0 [0x00DCBDDD+179677]
	Ordinal0 [0x00DC9D4B+171339]
	Ordinal0 [0x00DB1D4A+73034]
	Ordinal0 [0x00DB2DC0+77248]
	Ordinal0 [0x00DB2D59+77145]
	Ordinal0 [0x00EBBB67+1162087]
	GetHandleVerifier [0x00FDA966+508998]
	GetHandleVerifier [0x00FDA6A4+508292]
	GetHandleVerifier [0x00FEF7B7+594583]
	GetHandleVerifier [0x00FDB1D6+511158]
	Ordinal0 [0x00EB402C+1130540]
	Ordinal0 [0x00EBD4CB+1168587]
	Ordinal0 [0x00EBD633+1168947]
	Ordinal0 [0x00ED5B35+1268533]
	BaseThreadInitThunk [0x75E100C9+25]
	RtlGetAppContainerNamedObjectPath [0x76F17B4E+286]
	RtlGetAppContainerNamedObjectPath [0x76F17B1E+238]
">
      <![CDATA[org.openqa.selenium.WebDriverException: unknown error: cannot find Chrome binary
Build info: version: '3.141.59', revision: 'e82be7d358', time: '2018-11-14T08:17:03'
System info: host: 'SACHIN-SHARMA', ip: '192.168.68.210', os.name: 'Windows 10', os.arch: 'amd64', os.version: '10.0', java.version: '1.8.0_231'
Driver info: driver.version: ChromeDriver
remote stacktrace: Backtrace:
Ordinal0 [0x00F40C83+1707139]
Ordinal0 [0x00EA68F1+1075441]
Ordinal0 [0x00E1DFC9+516041]
Ordinal0 [0x00DAC70E+50958]
Ordinal0 [0x00DCBFD7+180183]
Ordinal0 [0x00DCBDDD+179677]
Ordinal0 [0x00DC9D4B+171339]
Ordinal0 [0x00DB1D4A+73034]
Ordinal0 [0x00DB2DC0+77248]
Ordinal0 [0x00DB2D59+77145]
Ordinal0 [0x00EBBB67+1162087]
GetHandleVerifier [0x00FDA966+508998]
GetHandleVerifier [0x00FDA6A4+508292]
GetHandleVerifier [0x00FEF7B7+594583]
GetHandleVerifier [0x00FDB1D6+511158]
Ordinal0 [0x00EB402C+1130540]
Ordinal0 [0x00EBD4CB+1168587]
Ordinal0 [0x00EBD633+1168947]
Ordinal0 [0x00ED5B35+1268533]
BaseThreadInitThunk [0x75E100C9+25]
RtlGetAppContainerNamedObjectPath [0x76F17B4E+286]
RtlGetAppContainerNamedObjectPath [0x76F17B1E+238]

at sun.reflect.NativeConstructorAccessorImpl.newInstance0(Native Method)
at sun.reflect.NativeConstructorAccessorImpl.newInstance(NativeConstructorAccessorImpl.java:62)
at sun.reflect.DelegatingConstructorAccessorImpl.newInstance(DelegatingConstructorAccessorImpl.java:45)
at java.lang.reflect.Constructor.newInstance(Constructor.java:423)
at org.openqa.selenium.remote.W3CHandshakeResponse.lambda$errorHandler$0(W3CHandshakeResponse.java:62)
at org.openqa.selenium.remote.HandshakeResponse.lambda$getResponseFunction$0(HandshakeResponse.java:30)
at org.openqa.selenium.remote.ProtocolHandshake.lambda$createSession$0(ProtocolHandshake.java:126)
at java.util.stream.ReferencePipeline$3$1.accept(ReferencePipeline.java:193)
at java.util.Spliterators$ArraySpliterator.tryAdvance(Spliterators.java:958)
at java.util.stream.ReferencePipeline.forEachWithCancel(ReferencePipeline.java:126)
at java.util.stream.AbstractPipeline.copyIntoWithCancel(AbstractPipeline.java:499)
at java.util.stream.AbstractPipeline.copyInto(AbstractPipeline.java:486)
at java.util.stream.AbstractPipeline.wrapAndCopyInto(AbstractPipeline.java:472)
at java.util.stream.FindOps$FindOp.evaluateSequential(FindOps.java:152)
at java.util.stream.AbstractPipeline.evaluate(AbstractPipeline.java:234)
at java.util.stream.ReferencePipeline.findFirst(ReferencePipeline.java:464)
at org.openqa.selenium.remote.ProtocolHandshake.createSession(ProtocolHandshake.java:128)
at org.openqa.selenium.remote.ProtocolHandshake.createSession(ProtocolHandshake.java:74)
at org.openqa.selenium.remote.HttpCommandExecutor.execute(HttpCommandExecutor.java:136)
at org.openqa.selenium.remote.service.DriverCommandExecutor.execute(DriverCommandExecutor.java:83)
at org.openqa.selenium.remote.RemoteWebDriver.execute(RemoteWebDriver.java:552)
at org.openqa.selenium.remote.RemoteWebDriver.startSession(RemoteWebDriver.java:213)
at org.openqa.selenium.remote.RemoteWebDriver.<init>(RemoteWebDriver.java:131)
at org.openqa.selenium.chrome.ChromeDriver.<init>(ChromeDriver.java:181)
at org.openqa.selenium.chrome.ChromeDriver.<init>(ChromeDriver.java:168)
at org.openqa.selenium.chrome.ChromeDriver.<init>(ChromeDriver.java:123)
at com.qa.dataprovider.DataProviderConcept2.setUp(DataProviderConcept2.java:43)
at sun.reflect.NativeMethodAccessorImpl.invoke0(Native Method)
at sun.reflect.NativeMethodAccessorImpl.invoke(NativeMethodAccessorImpl.java:62)
at sun.reflect.DelegatingMethodAccessorImpl.invoke(DelegatingMethodAccessorImpl.java:43)
at java.lang.reflect.Method.invoke(Method.java:498)
at org.testng.internal.MethodInvocationHelper.invokeMethod(MethodInvocationHelper.java:124)
at org.testng.internal.MethodInvocationHelper.invokeMethodConsideringTimeout(MethodInvocationHelper.java:59)
at org.testng.internal.Invoker.invokeConfigurationMethod(Invoker.java:458)
at org.testng.internal.Invoker.invokeConfigurations(Invoker.java:222)
at org.testng.internal.Invoker.invokeMethod(Invoker.java:523)
at org.testng.internal.Invoker.invokeTestMethod(Invoker.java:719)
at org.testng.internal.Invoker.invokeTestMethods(Invoker.java:989)
at org.testng.internal.TestMethodWorker.invokeTestMethods(TestMethodWorker.java:125)
at org.testng.internal.TestMethodWorker.run(TestMethodWorker.java:109)
at org.testng.TestRunner.privateRun(TestRunner.java:648)
at org.testng.TestRunner.run(TestRunner.java:505)
at org.testng.SuiteRunner.runTest(SuiteRunner.java:455)
at org.testng.SuiteRunner.runSequentially(SuiteRunner.java:450)
at org.testng.SuiteRunner.privateRun(SuiteRunner.java:415)
at org.testng.SuiteRunner.run(SuiteRunner.java:364)
at org.testng.SuiteRunnerWorker.runSuite(SuiteRunnerWorker.java:52)
at org.testng.SuiteRunnerWorker.run(SuiteRunnerWorker.java:84)
at org.testng.TestNG.runSuitesSequentially(TestNG.java:1208)
at org.testng.TestNG.runSuitesLocally(TestNG.java:1137)
at org.testng.TestNG.runSuites(TestNG.java:1049)
at org.testng.TestNG.run(TestNG.java:1017)
at org.testng.remote.AbstractRemoteTestNG.run(AbstractRemoteTestNG.java:115)
at org.testng.remote.RemoteTestNG.initAndRun(RemoteTestNG.java:251)
at org.testng.remote.RemoteTestNG.main(RemoteTestNG.java:77)
]]>
    </error>
  </testcase> <!-- setUp -->
</testsuite> <!-- com.qa.dataprovider.DataProviderConcept2 -->
