<?xml version="1.0" encoding="UTF-8"?>
<!-- Generated by org.testng.reporters.JUnitXMLReporter -->
<testsuite hostname="Sachin-Sharma" ignored="0" name="Test" tests="1" failures="1" timestamp="20 Mar 2022 06:56:35 GMT" time="16.367" errors="0">
  <testcase name="verifySignUpNowTest" time="4.066" classname="com.qa.test.SignUpPageTest">
    <failure type="java.lang.AssertionError" message="expected [Sign Up Now!2] but found [Sign Up Now!]">
      <![CDATA[java.lang.AssertionError: expected [Sign Up Now!2] but found [Sign Up Now!]
at com.qa.test.SignUpPageTest.verifySignUpNowTest(SignUpPageTest.java:45)
... Removed 31 stack frames]]>
    </failure>
  </testcase> <!-- verifySignUpNowTest -->
</testsuite> <!-- Test -->
